<?xml version="1.0" encoding="UTF-8"?>
<testng-results skipped="0" failed="1" ignored="0" total="9" passed="8">
  <reporter-output>
  </reporter-output>
  <suite name="All Test Suite" duration-ms="48444" started-at="2021-01-07T11:19:28 PST" finished-at="2021-01-07T11:20:17 PST">
    <groups>
    </groups>
    <test name="/Users/sherin/dev/java-workspace/AmazonPjt" duration-ms="48444" started-at="2021-01-07T11:19:28 PST" finished-at="2021-01-07T11:20:17 PST">
      <class name="com.amazon.test.LandingPageTest">
        <test-method status="PASS" signature="setUp()[pri:0, instance:com.amazon.test.LandingPageTest@158a8276]" name="setUp" is-config="true" duration-ms="3916" started-at="2021-01-07T11:19:28 PST" finished-at="2021-01-07T11:19:32 PST">
          <reporter-output>
          </reporter-output>
        </test-method> <!-- setUp -->
        <test-method status="PASS" signature="testMouseOver()[pri:0, instance:com.amazon.test.LandingPageTest@158a8276]" name="testMouseOver" duration-ms="472" started-at="2021-01-07T11:19:32 PST" finished-at="2021-01-07T11:19:33 PST">
          <reporter-output>
          </reporter-output>
        </test-method> <!-- testMouseOver -->
        <test-method status="PASS" signature="tearDown()[pri:0, instance:com.amazon.test.LandingPageTest@158a8276]" name="tearDown" is-config="true" duration-ms="153" started-at="2021-01-07T11:19:33 PST" finished-at="2021-01-07T11:19:33 PST">
          <reporter-output>
          </reporter-output>
        </test-method> <!-- tearDown -->
        <test-method status="PASS" signature="setUp()[pri:0, instance:com.amazon.test.LandingPageTest@158a8276]" name="setUp" is-config="true" duration-ms="2953" started-at="2021-01-07T11:19:34 PST" finished-at="2021-01-07T11:19:36 PST">
          <reporter-output>
          </reporter-output>
        </test-method> <!-- setUp -->
        <test-method status="PASS" signature="testSearch(java.lang.String)[pri:0, instance:com.amazon.test.LandingPageTest@158a8276]" name="testSearch" duration-ms="3428" started-at="2021-01-07T11:19:36 PST" data-provider="addTestData" finished-at="2021-01-07T11:19:40 PST">
          <params>
            <param index="0">
              <value>
                <![CDATA[COACH Rowan Satchel In Signature Canvas]]>
              </value>
            </param>
          </params>
          <reporter-output>
          </reporter-output>
        </test-method> <!-- testSearch -->
        <test-method status="PASS" signature="tearDown()[pri:0, instance:com.amazon.test.LandingPageTest@158a8276]" name="tearDown" is-config="true" duration-ms="178" started-at="2021-01-07T11:19:40 PST" finished-at="2021-01-07T11:19:40 PST">
          <reporter-output>
          </reporter-output>
        </test-method> <!-- tearDown -->
        <test-method status="PASS" signature="setUp()[pri:0, instance:com.amazon.test.LandingPageTest@158a8276]" name="setUp" is-config="true" duration-ms="2913" started-at="2021-01-07T11:19:40 PST" finished-at="2021-01-07T11:19:43 PST">
          <reporter-output>
          </reporter-output>
        </test-method> <!-- setUp -->
        <test-method status="PASS" signature="testSearch(java.lang.String)[pri:0, instance:com.amazon.test.LandingPageTest@158a8276]" name="testSearch" duration-ms="3152" started-at="2021-01-07T11:19:43 PST" data-provider="addTestData" finished-at="2021-01-07T11:19:46 PST">
          <params>
            <param index="0">
              <value>
                <![CDATA[Michael Kors]]>
              </value>
            </param>
          </params>
          <reporter-output>
          </reporter-output>
        </test-method> <!-- testSearch -->
        <test-method status="PASS" signature="tearDown()[pri:0, instance:com.amazon.test.LandingPageTest@158a8276]" name="tearDown" is-config="true" duration-ms="177" started-at="2021-01-07T11:19:46 PST" finished-at="2021-01-07T11:19:46 PST">
          <reporter-output>
          </reporter-output>
        </test-method> <!-- tearDown -->
        <test-method status="PASS" signature="setUp()[pri:0, instance:com.amazon.test.LandingPageTest@158a8276]" name="setUp" is-config="true" duration-ms="3088" started-at="2021-01-07T11:19:46 PST" finished-at="2021-01-07T11:19:49 PST">
          <reporter-output>
          </reporter-output>
        </test-method> <!-- setUp -->
        <test-method status="PASS" signature="testSearch(java.lang.String)[pri:0, instance:com.amazon.test.LandingPageTest@158a8276]" name="testSearch" duration-ms="2873" started-at="2021-01-07T11:19:49 PST" data-provider="addTestData" finished-at="2021-01-07T11:19:52 PST">
          <params>
            <param index="0">
              <value>
                <![CDATA[chanel]]>
              </value>
            </param>
          </params>
          <reporter-output>
          </reporter-output>
        </test-method> <!-- testSearch -->
        <test-method status="PASS" signature="tearDown()[pri:0, instance:com.amazon.test.LandingPageTest@158a8276]" name="tearDown" is-config="true" duration-ms="173" started-at="2021-01-07T11:19:52 PST" finished-at="2021-01-07T11:19:52 PST">
          <reporter-output>
          </reporter-output>
        </test-method> <!-- tearDown -->
        <test-method status="PASS" signature="setUp()[pri:0, instance:com.amazon.test.LandingPageTest@158a8276]" name="setUp" is-config="true" duration-ms="2976" started-at="2021-01-07T11:19:52 PST" finished-at="2021-01-07T11:19:55 PST">
          <reporter-output>
          </reporter-output>
        </test-method> <!-- setUp -->
        <test-method status="PASS" signature="testSearch(java.lang.String)[pri:0, instance:com.amazon.test.LandingPageTest@158a8276]" name="testSearch" duration-ms="3122" started-at="2021-01-07T11:19:55 PST" data-provider="addTestData" finished-at="2021-01-07T11:19:59 PST">
          <params>
            <param index="0">
              <value>
                <![CDATA[adidas]]>
              </value>
            </param>
          </params>
          <reporter-output>
          </reporter-output>
        </test-method> <!-- testSearch -->
        <test-method status="PASS" signature="tearDown()[pri:0, instance:com.amazon.test.LandingPageTest@158a8276]" name="tearDown" is-config="true" duration-ms="177" started-at="2021-01-07T11:19:59 PST" finished-at="2021-01-07T11:19:59 PST">
          <reporter-output>
          </reporter-output>
        </test-method> <!-- tearDown -->
        <test-method status="PASS" signature="setUp()[pri:0, instance:com.amazon.test.LandingPageTest@158a8276]" name="setUp" is-config="true" duration-ms="2966" started-at="2021-01-07T11:19:59 PST" finished-at="2021-01-07T11:20:02 PST">
          <reporter-output>
          </reporter-output>
        </test-method> <!-- setUp -->
        <test-method status="PASS" signature="testSearch(java.lang.String)[pri:0, instance:com.amazon.test.LandingPageTest@158a8276]" name="testSearch" duration-ms="2660" started-at="2021-01-07T11:20:02 PST" data-provider="addTestData" finished-at="2021-01-07T11:20:04 PST">
          <params>
            <param index="0">
              <value>
                <![CDATA[]]>
              </value>
            </param>
          </params>
          <reporter-output>
          </reporter-output>
        </test-method> <!-- testSearch -->
        <test-method status="PASS" signature="tearDown()[pri:0, instance:com.amazon.test.LandingPageTest@158a8276]" name="tearDown" is-config="true" duration-ms="155" started-at="2021-01-07T11:20:04 PST" finished-at="2021-01-07T11:20:05 PST">
          <reporter-output>
          </reporter-output>
        </test-method> <!-- tearDown -->
        <test-method status="PASS" signature="setUp()[pri:0, instance:com.amazon.test.LandingPageTest@158a8276]" name="setUp" is-config="true" duration-ms="2973" started-at="2021-01-07T11:20:05 PST" finished-at="2021-01-07T11:20:08 PST">
          <reporter-output>
          </reporter-output>
        </test-method> <!-- setUp -->
        <test-method status="PASS" signature="testValidateTitle()[pri:0, instance:com.amazon.test.LandingPageTest@158a8276]" name="testValidateTitle" duration-ms="52" started-at="2021-01-07T11:20:08 PST" finished-at="2021-01-07T11:20:08 PST">
          <reporter-output>
          </reporter-output>
        </test-method> <!-- testValidateTitle -->
        <test-method status="PASS" signature="tearDown()[pri:0, instance:com.amazon.test.LandingPageTest@158a8276]" name="tearDown" is-config="true" duration-ms="125" started-at="2021-01-07T11:20:08 PST" finished-at="2021-01-07T11:20:08 PST">
          <reporter-output>
          </reporter-output>
        </test-method> <!-- tearDown -->
        <test-method status="PASS" signature="setUp()[pri:0, instance:com.amazon.test.LandingPageTest@158a8276]" name="setUp" is-config="true" duration-ms="2594" started-at="2021-01-07T11:20:08 PST" finished-at="2021-01-07T11:20:10 PST">
          <reporter-output>
          </reporter-output>
        </test-method> <!-- setUp -->
        <test-method status="PASS" signature="testValidateUrl()[pri:0, instance:com.amazon.test.LandingPageTest@158a8276]" name="testValidateUrl" duration-ms="1662" started-at="2021-01-07T11:20:10 PST" finished-at="2021-01-07T11:20:12 PST">
          <reporter-output>
          </reporter-output>
        </test-method> <!-- testValidateUrl -->
        <test-method status="PASS" signature="tearDown()[pri:0, instance:com.amazon.test.LandingPageTest@158a8276]" name="tearDown" is-config="true" duration-ms="143" started-at="2021-01-07T11:20:12 PST" finished-at="2021-01-07T11:20:12 PST">
          <reporter-output>
          </reporter-output>
        </test-method> <!-- tearDown -->
        <test-method status="PASS" signature="setUp()[pri:0, instance:com.amazon.test.LandingPageTest@158a8276]" name="setUp" is-config="true" duration-ms="2775" started-at="2021-01-07T11:20:12 PST" finished-at="2021-01-07T11:20:15 PST">
          <reporter-output>
          </reporter-output>
        </test-method> <!-- setUp -->
        <test-method status="FAIL" signature="testsignIn()[pri:0, instance:com.amazon.test.LandingPageTest@158a8276]" name="testsignIn" duration-ms="810" started-at="2021-01-07T11:20:15 PST" finished-at="2021-01-07T11:20:16 PST">
          <exception class="java.lang.AssertionError">
            <message>
              <![CDATA[expected [https://www.amazon.com/ap/ignin?] but found [https://www.amazon.com/ap/signin?]]]>
            </message>
            <full-stacktrace>
              <![CDATA[java.lang.AssertionError: expected [https://www.amazon.com/ap/ignin?] but found [https://www.amazon.com/ap/signin?]
at org.testng.Assert.fail(Assert.java:99)
at org.testng.Assert.failNotEquals(Assert.java:1037)
at org.testng.Assert.assertEqualsImpl(Assert.java:140)
at org.testng.Assert.assertEquals(Assert.java:122)
at org.testng.Assert.assertEquals(Assert.java:629)
at org.testng.Assert.assertEquals(Assert.java:639)
at com.amazon.test.LandingPageTest.testsignIn(LandingPageTest.java:66)
at sun.reflect.NativeMethodAccessorImpl.invoke0(Native Method)
at sun.reflect.NativeMethodAccessorImpl.invoke(NativeMethodAccessorImpl.java:62)
at sun.reflect.DelegatingMethodAccessorImpl.invoke(DelegatingMethodAccessorImpl.java:43)
at java.lang.reflect.Method.invoke(Method.java:498)
at org.testng.internal.MethodInvocationHelper.invokeMethod(MethodInvocationHelper.java:132)
at org.testng.internal.TestInvoker.invokeMethod(TestInvoker.java:599)
at org.testng.internal.TestInvoker.invokeTestMethod(TestInvoker.java:174)
at org.testng.internal.MethodRunner.runInSequence(MethodRunner.java:46)
at org.testng.internal.TestInvoker$MethodInvocationAgent.invoke(TestInvoker.java:822)
at org.testng.internal.TestInvoker.invokeTestMethods(TestInvoker.java:147)
at org.testng.internal.TestMethodWorker.invokeTestMethods(TestMethodWorker.java:146)
at org.testng.internal.TestMethodWorker.run(TestMethodWorker.java:128)
at java.util.ArrayList.forEach(ArrayList.java:1259)
at org.testng.TestRunner.privateRun(TestRunner.java:764)
at org.testng.TestRunner.run(TestRunner.java:585)
at org.testng.SuiteRunner.runTest(SuiteRunner.java:384)
at org.testng.SuiteRunner.runSequentially(SuiteRunner.java:378)
at org.testng.SuiteRunner.privateRun(SuiteRunner.java:337)
at org.testng.SuiteRunner.run(SuiteRunner.java:286)
at org.testng.SuiteRunnerWorker.runSuite(SuiteRunnerWorker.java:53)
at org.testng.SuiteRunnerWorker.run(SuiteRunnerWorker.java:96)
at org.testng.TestNG.runSuitesSequentially(TestNG.java:1218)
at org.testng.TestNG.runSuitesLocally(TestNG.java:1140)
at org.testng.TestNG.runSuites(TestNG.java:1069)
at org.testng.TestNG.run(TestNG.java:1037)
at org.apache.maven.surefire.testng.TestNGExecutor.run(TestNGExecutor.java:284)
at org.apache.maven.surefire.testng.TestNGXmlTestSuite.execute(TestNGXmlTestSuite.java:75)
at org.apache.maven.surefire.testng.TestNGProvider.invoke(TestNGProvider.java:119)
at org.apache.maven.surefire.booter.ForkedBooter.runSuitesInProcess(ForkedBooter.java:428)
at org.apache.maven.surefire.booter.ForkedBooter.execute(ForkedBooter.java:162)
at org.apache.maven.surefire.booter.ForkedBooter.run(ForkedBooter.java:562)
at org.apache.maven.surefire.booter.ForkedBooter.main(ForkedBooter.java:548)
]]>
            </full-stacktrace>
          </exception> <!-- java.lang.AssertionError -->
          <reporter-output>
          </reporter-output>
        </test-method> <!-- testsignIn -->
        <test-method status="PASS" signature="tearDown()[pri:0, instance:com.amazon.test.LandingPageTest@158a8276]" name="tearDown" is-config="true" duration-ms="137" started-at="2021-01-07T11:20:17 PST" finished-at="2021-01-07T11:20:17 PST">
          <reporter-output>
          </reporter-output>
        </test-method> <!-- tearDown -->
      </class> <!-- com.amazon.test.LandingPageTest -->
    </test> <!-- /Users/sherin/dev/java-workspace/AmazonPjt -->
  </suite> <!-- All Test Suite -->
</testng-results>
