<?xml version="1.0" encoding="UTF-8"?>
<!-- Generated by org.testng.reporters.JUnitXMLReporter -->
<testsuite hostname="sherin-mac.local" ignored="0" name="/Users/sherin/dev/java-workspace/AmazonPjt" tests="9" failures="1" timestamp="2021-01-07T11:20:17 PST" time="48.444" errors="0">
  <testcase name="testMouseOver" time="0.472" classname="com.amazon.test.LandingPageTest"/>
  <testcase name="testSearch" time="3.428" classname="com.amazon.test.LandingPageTest"/>
  <testcase name="testSearch" time="3.152" classname="com.amazon.test.LandingPageTest"/>
  <testcase name="testSearch" time="2.873" classname="com.amazon.test.LandingPageTest"/>
  <testcase name="testSearch" time="3.122" classname="com.amazon.test.LandingPageTest"/>
  <testcase name="testSearch" time="2.66" classname="com.amazon.test.LandingPageTest"/>
  <testcase name="testValidateTitle" time="0.052" classname="com.amazon.test.LandingPageTest"/>
  <testcase name="testValidateUrl" time="1.662" classname="com.amazon.test.LandingPageTest"/>
  <testcase name="testsignIn" time="0.81" classname="com.amazon.test.LandingPageTest">
    <failure type="java.lang.AssertionError" message="expected [https://www.amazon.com/ap/ignin?] but found [https://www.amazon.com/ap/signin?]">
      <![CDATA[java.lang.AssertionError: expected [https://www.amazon.com/ap/ignin?] but found [https://www.amazon.com/ap/signin?]
at com.amazon.test.LandingPageTest.testsignIn(LandingPageTest.java:66)
at java.util.ArrayList.forEach(ArrayList.java:1259)
... Removed 37 stack frames]]>
    </failure>
  </testcase> <!-- testsignIn -->
</testsuite> <!-- /Users/sherin/dev/java-workspace/AmazonPjt -->
