<?xml version="1.0" encoding="UTF-8"?>
<!-- Generated by org.testng.reporters.JUnitReportReporter -->
<testsuite skipped="0" hostname="sherin-mac.local" name="com.amazon.test.LandingPageTest" tests="9" failures="1" timestamp="2021-01-07T11:20:17 PST" time="46.803" errors="0">
  <testcase name="testMouseOver" time="3.615" classname="com.amazon.test.LandingPageTest"/>
  <system-out/>
  <testcase name="testSearch" time="6.104" classname="com.amazon.test.LandingPageTest"/>
  <system-out/>
  <testcase name="testsignIn" time="3.888" classname="com.amazon.test.LandingPageTest">
    <failure type="java.lang.AssertionError" message="expected [https://www.amazon.com/ap/ignin?] but found [https://www.amazon.com/ap/signin?]">
      <![CDATA[java.lang.AssertionError: expected [https://www.amazon.com/ap/ignin?] but found [https://www.amazon.com/ap/signin?]
at org.testng.Assert.fail(Assert.java:99)
at org.testng.Assert.failNotEquals(Assert.java:1037)
at org.testng.Assert.assertEqualsImpl(Assert.java:140)
at org.testng.Assert.assertEquals(Assert.java:122)
at org.testng.Assert.assertEquals(Assert.java:629)
at org.testng.Assert.assertEquals(Assert.java:639)
at com.amazon.test.LandingPageTest.testsignIn(LandingPageTest.java:66)
at sun.reflect.NativeMethodAccessorImpl.invoke0(Native Method)
at sun.reflect.NativeMethodAccessorImpl.invoke(NativeMethodAccessorImpl.java:62)
at sun.reflect.DelegatingMethodAccessorImpl.invoke(DelegatingMethodAccessorImpl.java:43)
at java.lang.reflect.Method.invoke(Method.java:498)
at org.testng.internal.MethodInvocationHelper.invokeMethod(MethodInvocationHelper.java:132)
at org.testng.internal.TestInvoker.invokeMethod(TestInvoker.java:599)
at org.testng.internal.TestInvoker.invokeTestMethod(TestInvoker.java:174)
at org.testng.internal.MethodRunner.runInSequence(MethodRunner.java:46)
at org.testng.internal.TestInvoker$MethodInvocationAgent.invoke(TestInvoker.java:822)
at org.testng.internal.TestInvoker.invokeTestMethods(TestInvoker.java:147)
at org.testng.internal.TestMethodWorker.invokeTestMethods(TestMethodWorker.java:146)
at org.testng.internal.TestMethodWorker.run(TestMethodWorker.java:128)
at java.util.ArrayList.forEach(ArrayList.java:1259)
at org.testng.TestRunner.privateRun(TestRunner.java:764)
at org.testng.TestRunner.run(TestRunner.java:585)
at org.testng.SuiteRunner.runTest(SuiteRunner.java:384)
at org.testng.SuiteRunner.runSequentially(SuiteRunner.java:378)
at org.testng.SuiteRunner.privateRun(SuiteRunner.java:337)
at org.testng.SuiteRunner.run(SuiteRunner.java:286)
at org.testng.SuiteRunnerWorker.runSuite(SuiteRunnerWorker.java:53)
at org.testng.SuiteRunnerWorker.run(SuiteRunnerWorker.java:96)
at org.testng.TestNG.runSuitesSequentially(TestNG.java:1218)
at org.testng.TestNG.runSuitesLocally(TestNG.java:1140)
at org.testng.TestNG.runSuites(TestNG.java:1069)
at org.testng.TestNG.run(TestNG.java:1037)
at org.apache.maven.surefire.testng.TestNGExecutor.run(TestNGExecutor.java:284)
at org.apache.maven.surefire.testng.TestNGXmlTestSuite.execute(TestNGXmlTestSuite.java:75)
at org.apache.maven.surefire.testng.TestNGProvider.invoke(TestNGProvider.java:119)
at org.apache.maven.surefire.booter.ForkedBooter.runSuitesInProcess(ForkedBooter.java:428)
at org.apache.maven.surefire.booter.ForkedBooter.execute(ForkedBooter.java:162)
at org.apache.maven.surefire.booter.ForkedBooter.run(ForkedBooter.java:562)
at org.apache.maven.surefire.booter.ForkedBooter.main(ForkedBooter.java:548)
]]>
    </failure>
  </testcase> <!-- testsignIn -->
  <system-out/>
  <testcase name="testSearch" time="6.134" classname="com.amazon.test.LandingPageTest"/>
  <system-out/>
  <testcase name="testSearch" time="6.213" classname="com.amazon.test.LandingPageTest"/>
  <system-out/>
  <testcase name="testValidateUrl" time="5.733" classname="com.amazon.test.LandingPageTest"/>
  <system-out/>
  <testcase name="testSearch" time="5.776" classname="com.amazon.test.LandingPageTest"/>
  <system-out/>
  <testcase name="testValidateTitle" time="2.783" classname="com.amazon.test.LandingPageTest"/>
  <system-out/>
  <testcase name="testSearch" time="6.557" classname="com.amazon.test.LandingPageTest"/>
  <system-out/>
</testsuite> <!-- com.amazon.test.LandingPageTest -->
